<?xml version="1.0" encoding="UTF-8"?>
<!-- Generated by org.testng.reporters.JUnitReportReporter -->
<testsuite skipped="0" hostname="DESKTOP-47Q31E1" name="TestCases_OrangeHrm.Tc001_Login" tests="1" failures="0" timestamp="2020-09-15T18:04:09 EDT" time="2.674" errors="0">
  <testcase name="login" time="2.674" classname="TestCases_OrangeHrm.Tc001_Login"/>
  <system-out/>
</testsuite> <!-- TestCases_OrangeHrm.Tc001_Login -->
